  main.cpp
D:\Study\CPP_env_VS\Interview_Prepare\Excersise\main.cpp(94,10): error C2600: 'Derived::Derived': cannot define a compiler-generated special member function (must be declared in the class first)
D:\Study\CPP_env_VS\Interview_Prepare\Excersise\main.cpp(94,53): error C3806: ',': unexpected token, expected either a '{' or a member-initializer
D:\Study\CPP_env_VS\Interview_Prepare\Excersise\main.cpp(135,12): error C2264: 'Derived::Derived': error in function definition or declaration; function not called
